0 info it worked if it ends with ok
1 verbose cli [ 'C:\\Program Files\\nodejs\\node.exe',
1 verbose cli   'C:\\Program Files\\nodejs\\node_modules\\npm\\bin\\npm-cli.js',
1 verbose cli   'start' ]
2 info using npm@3.10.10
3 info using node@v6.11.4
4 verbose run-script [ 'prestart', 'start', 'poststart' ]
5 info lifecycle todomvc-redux-react-ts@2.1.0~prestart: todomvc-redux-react-ts@2.1.0
6 silly lifecycle todomvc-redux-react-ts@2.1.0~prestart: no script for prestart, continuing
7 info lifecycle todomvc-redux-react-ts@2.1.0~start: todomvc-redux-react-ts@2.1.0
8 verbose lifecycle todomvc-redux-react-ts@2.1.0~start: unsafe-perm in lifecycle true
9 verbose lifecycle todomvc-redux-react-ts@2.1.0~start: PATH: C:\Program Files\nodejs\node_modules\npm\bin\node-gyp-bin;C:\Users\artem.vasenin\Projects\Git\library\node_modules\.bin;C:\Users\artem.vasenin\bin;C:\Users\artem.vasenin\AppData\Local\Programs\Git\mingw64\bin;C:\Users\artem.vasenin\AppData\Local\Programs\Git\usr\local\bin;C:\Users\artem.vasenin\AppData\Local\Programs\Git\usr\bin;C:\Users\artem.vasenin\AppData\Local\Programs\Git\usr\bin;C:\Users\artem.vasenin\AppData\Local\Programs\Git\mingw64\bin;C:\Users\artem.vasenin\AppData\Local\Programs\Git\usr\bin;C:\Users\artem.vasenin\bin;C:\ProgramData\Oracle\Java\javapath;C:\windows\system32;C:\windows;C:\windows\System32\Wbem;C:\windows\System32\WindowsPowerShell\v1.0;C:\Gradle\gradle-3.0-all\gradle-3.0\bin;C:\Program Files (x86)\Java\jdk1.7.0_80\bin;C:\Program Files\nodejs;C:\Users\artem.vasenin\AppData\Local\Microsoft\WindowsApps;C:\Program Files\Microsoft VS Code\bin;C:\Users\artem.vasenin\AppData\Local\Programs\Git\cmd;C:\Users\artem.vasenin\AppData\Roaming\npm;C:\Users\artem.vasenin\AppData\Local\Programs\Git\usr\bin\vendor_perl;C:\Users\artem.vasenin\AppData\Local\Programs\Git\usr\bin\core_perl
10 verbose lifecycle todomvc-redux-react-ts@2.1.0~start: CWD: C:\Users\artem.vasenin\Projects\Git\library
11 silly lifecycle todomvc-redux-react-ts@2.1.0~start: Args: [ '/d /s /c', 'cross-env NODE_ENV=development node server' ]
12 silly lifecycle todomvc-redux-react-ts@2.1.0~start: Returned: code: 1  signal: null
13 info lifecycle todomvc-redux-react-ts@2.1.0~start: Failed to exec start script
14 verbose stack Error: todomvc-redux-react-ts@2.1.0 start: `cross-env NODE_ENV=development node server`
14 verbose stack Exit status 1
14 verbose stack     at EventEmitter.<anonymous> (C:\Program Files\nodejs\node_modules\npm\lib\utils\lifecycle.js:255:16)
14 verbose stack     at emitTwo (events.js:106:13)
14 verbose stack     at EventEmitter.emit (events.js:191:7)
14 verbose stack     at ChildProcess.<anonymous> (C:\Program Files\nodejs\node_modules\npm\lib\utils\spawn.js:40:14)
14 verbose stack     at emitTwo (events.js:106:13)
14 verbose stack     at ChildProcess.emit (events.js:191:7)
14 verbose stack     at maybeClose (internal/child_process.js:920:16)
14 verbose stack     at Process.ChildProcess._handle.onexit (internal/child_process.js:230:5)
15 verbose pkgid todomvc-redux-react-ts@2.1.0
16 verbose cwd C:\Users\artem.vasenin\Projects\Git\library
17 error Windows_NT 10.0.14393
18 error argv "C:\\Program Files\\nodejs\\node.exe" "C:\\Program Files\\nodejs\\node_modules\\npm\\bin\\npm-cli.js" "start"
19 error node v6.11.4
20 error npm  v3.10.10
21 error code ELIFECYCLE
22 error todomvc-redux-react-ts@2.1.0 start: `cross-env NODE_ENV=development node server`
22 error Exit status 1
23 error Failed at the todomvc-redux-react-ts@2.1.0 start script 'cross-env NODE_ENV=development node server'.
23 error Make sure you have the latest version of node.js and npm installed.
23 error If you do, this is most likely a problem with the todomvc-redux-react-ts package,
23 error not with npm itself.
23 error Tell the author that this fails on your system:
23 error     cross-env NODE_ENV=development node server
23 error You can get information on how to open an issue for this project with:
23 error     npm bugs todomvc-redux-react-ts
23 error Or if that isn't available, you can get their info via:
23 error     npm owner ls todomvc-redux-react-ts
23 error There is likely additional logging output above.
24 verbose exit [ 1, true ]
